17:32:19.222 [main] INFO  objectrepository.SubmisionPageObject - welcome_text web element returned
17:32:21.495 [main] INFO  objectrepository.SubmisionPageObject - presentation type web element returned
17:32:31.632 [main] INFO  stepDefinitions.hooks - executing the AfterScenario method in hooks
17:32:31.632 [main] INFO  stepDefinitions.hooks - executing the embedScreenshot method in hooks
17:38:55.555 [main] INFO  stepDefinitions.hooks - executed the doSomethingBefore method in hooks
17:39:02.023 [main] INFO  stepDefinitions.LoginTests - driver initialized and window maximized
17:39:08.206 [main] INFO  stepDefinitions.LoginTests - user was taken to Url https://qa-auto-ac20.s1a4171-stage1-app.dev-scholarone.com
17:39:08.259 [main] INFO  objectrepository.LoginPageObjects - user web element returned
17:39:08.629 [main] INFO  stepDefinitions.LoginTests - user test@testing12345.com was entered
17:39:08.629 [main] INFO  objectrepository.LoginPageObjects - pass web element returned
17:39:08.752 [main] INFO  stepDefinitions.LoginTests - password password4qa2 was entered
17:39:08.752 [main] INFO  objectrepository.LoginPageObjects - login_button web element returned
17:39:11.408 [main] INFO  stepDefinitions.LoginTests - login button was clicked
17:39:11.414 [main] INFO  objectrepository.WelcomePageObjects - submission center returned
17:39:14.456 [main] INFO  objectrepository.SubmisionPageObject - submission linnk web element returned
17:39:15.652 [main] INFO  objectrepository.SubmisionPageObject - submisionTypeTable web element returned
17:39:15.797 [main] INFO  resources.SubmitAbstractGlobal - This is a role name for submission:Free Submission
17:39:16.199 [main] INFO  objectrepository.SubmisionPageObject - continue button web element returned
17:39:16.560 [main] INFO  objectrepository.SubmisionPageObject - welcome_text web element returned
17:39:23.837 [main] INFO  objectrepository.SubmisionPageObject - welcome_text web element returned
17:39:25.645 [main] INFO  objectrepository.SubmisionPageObject - presentation type web element returned
17:39:35.744 [main] INFO  stepDefinitions.hooks - executing the AfterScenario method in hooks
17:39:35.744 [main] INFO  stepDefinitions.hooks - executing the embedScreenshot method in hooks
17:41:05.111 [main] INFO  stepDefinitions.hooks - executed the doSomethingBefore method in hooks
17:41:10.272 [main] INFO  stepDefinitions.LoginTests - driver initialized and window maximized
17:41:17.942 [main] INFO  stepDefinitions.LoginTests - user was taken to Url https://qa-auto-ac20.s1a4171-stage1-app.dev-scholarone.com
17:41:17.982 [main] INFO  objectrepository.LoginPageObjects - user web element returned
17:41:18.325 [main] INFO  stepDefinitions.LoginTests - user test@testing12345.com was entered
17:41:18.326 [main] INFO  objectrepository.LoginPageObjects - pass web element returned
17:41:18.420 [main] INFO  stepDefinitions.LoginTests - password password4qa2 was entered
17:41:18.421 [main] INFO  objectrepository.LoginPageObjects - login_button web element returned
17:41:20.740 [main] INFO  stepDefinitions.LoginTests - login button was clicked
17:41:20.745 [main] INFO  objectrepository.WelcomePageObjects - submission center returned
17:41:24.242 [main] INFO  objectrepository.SubmisionPageObject - submission linnk web element returned
17:41:25.718 [main] INFO  objectrepository.SubmisionPageObject - submisionTypeTable web element returned
17:41:25.862 [main] INFO  resources.SubmitAbstractGlobal - This is a role name for submission:Free Submission
17:41:26.300 [main] INFO  objectrepository.SubmisionPageObject - continue button web element returned
17:41:27.227 [main] INFO  objectrepository.SubmisionPageObject - welcome_text web element returned
17:41:32.639 [main] INFO  stepDefinitions.hooks - executing the AfterScenario method in hooks
17:41:32.639 [main] INFO  stepDefinitions.hooks - executing the embedScreenshot method in hooks
17:44:04.278 [main] INFO  stepDefinitions.hooks - executed the doSomethingBefore method in hooks
17:44:08.857 [main] INFO  stepDefinitions.LoginTests - driver initialized and window maximized
17:44:15.738 [main] INFO  stepDefinitions.LoginTests - user was taken to Url https://qa-auto-ac20.s1a4171-stage1-app.dev-scholarone.com
17:44:15.788 [main] INFO  objectrepository.LoginPageObjects - user web element returned
17:44:16.106 [main] INFO  stepDefinitions.LoginTests - user test@testing12345.com was entered
17:44:16.106 [main] INFO  objectrepository.LoginPageObjects - pass web element returned
17:44:16.206 [main] INFO  stepDefinitions.LoginTests - password password4qa2 was entered
17:44:16.206 [main] INFO  objectrepository.LoginPageObjects - login_button web element returned
17:44:17.752 [main] INFO  stepDefinitions.LoginTests - login button was clicked
17:44:17.756 [main] INFO  objectrepository.WelcomePageObjects - submission center returned
17:44:20.320 [main] INFO  objectrepository.SubmisionPageObject - submission linnk web element returned
